2023-12-07 10:33:38 - app - INFO - POST /user/register request executed...
2023-12-07 10:33:38 - app - INFO - <function nowDateTime at 0x000002DE7999E830>
2023-12-07 10:33:38 - app - ERROR - POST-ERROR in /user/register : 该工号已注册!
2023-12-07 10:44:30 - app - INFO - POST /user/login request executed...
2023-12-07 10:44:30 - app - INFO - The POST /user/login request has been successfully responded.
2023-12-07 11:08:12 - app - INFO - POST /user/login request executed...
2023-12-07 11:08:12 - app - INFO - The POST /user/login request has been successfully responded.
2023-12-07 11:08:44 - app - INFO - GET /user/info request executed...
2023-12-07 11:08:44 - app - ERROR - GET-ERROR in /user/info : 请登录后重试!
2023-12-07 11:10:11 - app - INFO - GET /user/info request executed...
2023-12-07 11:10:11 - app - ERROR - GET-ERROR in /user/info : 请登录后重试!
2023-12-07 11:10:18 - app - INFO - GET /user/info request executed...
2023-12-07 11:10:18 - app - ERROR - GET-ERROR in /user/info : 请登录后重试!
2023-12-07 11:10:28 - app - INFO - GET /user/info request executed...
2023-12-07 11:10:28 - app - ERROR - GET-ERROR in /user/info : 请登录后重试!
2023-12-07 11:13:25 - app - INFO - GET /user/info request executed...
2023-12-07 11:13:25 - app - ERROR - GET-ERROR in /user/info : 请登录后重试!
2023-12-07 11:14:02 - app - INFO - GET /user/info request executed...
2023-12-07 11:14:02 - app - ERROR - GET-ERROR in /user/info : 用户信息已过期,请重新登录!
2023-12-07 11:14:32 - app - INFO - POST /user/login request executed...
2023-12-07 11:14:33 - app - INFO - The POST /user/login request has been successfully responded.
2023-12-07 11:14:41 - app - INFO - GET /user/info request executed...
2023-12-07 11:14:41 - app - ERROR - GET-ERROR in /user/info : 用户信息已过期,请重新登录!
2023-12-07 11:18:44 - app - INFO - GET /user/info request executed...
2023-12-07 11:18:44 - app - DEBUG - user_token.expire_time?2023-12-10 11:14:33
2023-12-07 11:18:44 - app - DEBUG - now > user_token.expire_time?False
2023-12-07 11:18:44 - app - ERROR - GET-ERROR in /user/info : 用户信息已过期,请重新登录!
2023-12-07 11:19:58 - app - INFO - GET /user/info request executed...
2023-12-07 11:19:59 - app - DEBUG - user_token.expire_time?2023-12-10 11:14:33
2023-12-07 11:19:59 - app - DEBUG - now > user_token.expire_time?False
2023-12-07 11:19:59 - app - INFO - The GET /user/info request has been successfully responded.
2023-12-12 10:51:29 - app - INFO - POST /user/login request executed...
2023-12-12 10:51:29 - app - INFO - The POST /user/login request has been successfully responded.
2023-12-12 10:51:56 - app - INFO - GET /attendance/list request executed...
2023-12-12 10:51:56 - app - INFO - The GET /attendance/list request has been successfully responded.
2023-12-12 13:00:34 - app - INFO - POST /user/login request executed...
2023-12-12 13:00:35 - app - INFO - The POST /user/login request has been successfully responded.
2023-12-12 17:23:02 - app - INFO - POST /user/login request executed...
2023-12-12 17:23:03 - app - INFO - The POST /user/login request has been successfully responded.
2023-12-12 17:26:17 - app - INFO - POST /user/login request executed...
2023-12-12 17:26:18 - app - INFO - The POST /user/login request has been successfully responded.
2023-12-12 17:26:28 - app - INFO - POST /user/login request executed...
2023-12-12 17:26:29 - app - INFO - The POST /user/login request has been successfully responded.
2023-12-12 17:26:30 - app - INFO - POST /user/login request executed...
2023-12-12 17:26:30 - app - INFO - The POST /user/login request has been successfully responded.
2023-12-12 17:26:35 - app - INFO - POST /user/login request executed...
2023-12-12 17:26:36 - app - INFO - The POST /user/login request has been successfully responded.
2023-12-12 17:26:51 - app - INFO - POST /user/register request executed...
2023-12-12 17:26:51 - app - INFO - <function nowDateTime at 0x7f4f64fa3430>
2023-12-12 17:26:51 - app - ERROR - POST-ERROR in /user/register : 该工号已注册!
2023-12-12 17:26:56 - app - INFO - POST /user/register request executed...
2023-12-12 17:26:56 - app - INFO - <function nowDateTime at 0x7f4f64fa3430>
2023-12-12 17:26:56 - app - ERROR - POST-ERROR in /user/register : 该工号已注册!
2023-12-12 17:27:02 - app - INFO - POST /user/register request executed...
2023-12-12 17:27:02 - app - INFO - <function nowDateTime at 0x7f4f64fa3430>
2023-12-12 17:33:56 - app - INFO - POST /user/login request executed...
2023-12-12 17:33:57 - app - INFO - The POST /user/login request has been successfully responded.
2023-12-12 17:42:09 - app - INFO - GET /department/list request executed...
2023-12-12 17:42:09 - app - ERROR - GET ERROR in /department/list : 请登录后重试!
2023-12-12 20:55:22 - app - INFO - POST /user/login request executed...
2023-12-12 20:55:22 - app - ERROR - POST-ERROR in /user/login : 无此用户信息,请注册后重试!
2023-12-12 20:56:18 - app - INFO - POST /user/login request executed...
2023-12-12 20:56:18 - app - INFO - The POST /user/login request has been successfully responded.
2023-12-12 20:58:26 - app - INFO - GET /user/info request executed...
2023-12-12 20:58:26 - app - ERROR - GET-ERROR in /user/info : 请登录后重试!
2023-12-12 20:58:42 - app - INFO - GET /user/info request executed...
2023-12-12 20:58:42 - app - ERROR - GET-ERROR in /user/info : 请登录后重试!
2023-12-12 20:58:53 - app - INFO - GET /user/info request executed...
2023-12-12 20:58:53 - app - ERROR - GET-ERROR in /user/info : 请登录后重试!
2023-12-12 21:01:30 - app - INFO - GET /user/info request executed...
2023-12-12 21:01:30 - app - ERROR - GET-ERROR in /user/info : 请登录后重试!
2023-12-12 21:01:42 - app - INFO - GET /user/info request executed...
2023-12-12 21:01:42 - app - ERROR - GET-ERROR in /user/info : 请登录后重试!
2023-12-12 21:03:19 - app - INFO - GET /user/info request executed...
2023-12-12 21:03:19 - app - ERROR - GET-ERROR in /user/info : 请登录后重试!
2023-12-12 21:03:57 - app - INFO - GET /user/info request executed...
2023-12-12 21:03:57 - app - ERROR - GET-ERROR in /user/info : 请登录后重试!
2023-12-12 21:04:12 - app - INFO - POST /user/login request executed...
2023-12-12 21:04:12 - app - INFO - The POST /user/login request has been successfully responded.
2023-12-12 21:04:13 - app - INFO - GET /user/info request executed...
2023-12-12 21:04:13 - app - ERROR - GET-ERROR in /user/info : 请登录后重试!
2023-12-12 21:08:34 - app - INFO - GET /user/info request executed...
2023-12-12 21:08:34 - app - ERROR - GET-ERROR in /user/info : 请登录后重试!
2023-12-12 21:08:51 - app - INFO - GET /department/list request executed...
2023-12-12 21:08:51 - app - INFO - The GET /department/list request has been successfully responded.
2023-12-12 21:09:32 - app - INFO - GET /user/info request executed...
2023-12-12 21:09:32 - app - ERROR - GET-ERROR in /user/info : 请登录后重试!
2023-12-12 21:10:23 - app - INFO - GET /department/list request executed...
2023-12-12 21:10:23 - app - INFO - The GET /department/list request has been successfully responded.
2023-12-12 21:10:26 - app - INFO - GET /department/list request executed...
2023-12-12 21:10:26 - app - INFO - The GET /department/list request has been successfully responded.
2023-12-12 21:10:29 - app - INFO - GET /department/list request executed...
2023-12-12 21:10:29 - app - INFO - The GET /department/list request has been successfully responded.
2023-12-12 21:10:59 - app - INFO - GET /department/list request executed...
2023-12-12 21:10:59 - app - INFO - The GET /department/list request has been successfully responded.
2023-12-12 21:11:00 - app - INFO - GET /department/list request executed...
2023-12-12 21:11:00 - app - INFO - The GET /department/list request has been successfully responded.
2023-12-12 21:11:08 - app - INFO - GET /department/list request executed...
2023-12-12 21:11:08 - app - INFO - The GET /department/list request has been successfully responded.
2023-12-12 21:11:10 - app - INFO - GET /department/list request executed...
2023-12-12 21:11:10 - app - INFO - The GET /department/list request has been successfully responded.
2023-12-12 21:11:17 - app - INFO - GET /department/list request executed...
2023-12-12 21:11:17 - app - INFO - The GET /department/list request has been successfully responded.
2023-12-12 21:11:18 - app - INFO - GET /department/list request executed...
2023-12-12 21:11:18 - app - INFO - The GET /department/list request has been successfully responded.
2023-12-12 21:11:46 - app - INFO - GET /department/list request executed...
2023-12-12 21:11:46 - app - INFO - The GET /department/list request has been successfully responded.
2023-12-12 21:11:47 - app - INFO - GET /department/list request executed...
2023-12-12 21:11:47 - app - INFO - The GET /department/list request has been successfully responded.
2023-12-12 21:12:08 - app - INFO - GET /department/list request executed...
2023-12-12 21:12:08 - app - INFO - The GET /department/list request has been successfully responded.
2023-12-12 21:12:09 - app - INFO - GET /department/list request executed...
2023-12-12 21:12:10 - app - INFO - The GET /department/list request has been successfully responded.
2023-12-12 21:13:14 - app - INFO - GET /department/list request executed...
2023-12-12 21:13:14 - app - INFO - The GET /department/list request has been successfully responded.
2023-12-12 21:13:16 - app - INFO - GET /department/list request executed...
2023-12-12 21:13:16 - app - INFO - The GET /department/list request has been successfully responded.
2023-12-12 21:13:24 - app - INFO - GET /department/list request executed...
2023-12-12 21:13:24 - app - INFO - The GET /department/list request has been successfully responded.
2023-12-12 21:13:26 - app - INFO - GET /department/list request executed...
2023-12-12 21:13:26 - app - INFO - The GET /department/list request has been successfully responded.
2023-12-12 21:25:53 - app - INFO - GET /department/list request executed...
2023-12-12 21:25:53 - app - INFO - The GET /department/list request has been successfully responded.
2023-12-12 21:26:17 - app - INFO - GET /department/list request executed...
2023-12-12 21:26:17 - app - INFO - The GET /department/list request has been successfully responded.
2023-12-12 21:28:34 - app - INFO - GET /user/info request executed...
2023-12-12 21:28:34 - app - ERROR - GET-ERROR in /user/info : 请登录后重试!
2023-12-12 21:39:59 - app - INFO - GET /department/list request executed...
2023-12-12 21:39:59 - app - INFO - The GET /department/list request has been successfully responded.
2023-12-12 21:46:12 - app - INFO - GET /user/info request executed...
2023-12-12 21:46:12 - app - ERROR - GET-ERROR in /user/info : 请登录后重试!
2023-12-12 21:46:27 - app - INFO - GET /user/info request executed...
2023-12-12 21:46:27 - app - ERROR - GET-ERROR in /user/info : 请登录后重试!
2023-12-12 21:46:37 - app - INFO - GET /user/info request executed...
2023-12-12 21:46:37 - app - ERROR - GET-ERROR in /user/info : 请登录后重试!
2023-12-12 21:47:17 - app - INFO - GET /user/info request executed...
2023-12-12 21:47:17 - app - ERROR - GET-ERROR in /user/info : 请登录后重试!
2023-12-12 21:57:40 - app - INFO - GET /user/info request executed...
2023-12-12 21:57:40 - app - ERROR - GET-ERROR in /user/info : 请登录后重试!
2023-12-13 16:46:36 - app - INFO - GET /department/list request executed...
2023-12-13 16:46:36 - app - INFO - The GET /department/list request has been successfully responded.
2023-12-13 16:49:42 - app - INFO - GET /department/list request executed...
2023-12-13 16:49:42 - app - INFO - The GET /department/list request has been successfully responded.
2023-12-13 16:50:03 - app - INFO - POST /user/register request executed...
2023-12-13 16:50:03 - app - INFO - <function nowDateTime at 0x7f199f56d8b0>
2023-12-13 16:50:03 - app - ERROR - POST-ERROR in /user/register : 请确保工号已输入!
2023-12-13 16:50:17 - app - INFO - POST /user/register request executed...
2023-12-13 16:50:17 - app - INFO - <function nowDateTime at 0x7f199f56d8b0>
2023-12-13 16:50:17 - app - ERROR - POST-ERROR in /user/register : 请确保工号已输入!
2023-12-13 16:50:31 - app - INFO - POST /user/register request executed...
2023-12-13 16:50:31 - app - INFO - <function nowDateTime at 0x7f199f56d8b0>
2023-12-13 16:50:31 - app - ERROR - POST-ERROR in /user/register : 请确保工号已输入!
2023-12-13 16:51:16 - app - INFO - POST /user/register request executed...
2023-12-13 16:51:16 - app - INFO - <function nowDateTime at 0x7f199f56d8b0>
2023-12-13 16:51:16 - app - ERROR - POST-ERROR in /user/register : 请确保工号已输入!
2023-12-13 16:51:45 - app - INFO - POST /user/register request executed...
2023-12-13 16:51:45 - app - INFO - <function nowDateTime at 0x7f199f56d8b0>
2023-12-13 16:51:45 - app - ERROR - POST-ERROR in /user/register : 请确保工号已输入!
2023-12-13 16:53:22 - app - INFO - GET /department/list request executed...
2023-12-13 16:53:22 - app - INFO - The GET /department/list request has been successfully responded.
2023-12-13 16:53:26 - app - INFO - GET /department/list request executed...
2023-12-13 16:53:26 - app - INFO - The GET /department/list request has been successfully responded.
2023-12-13 16:53:37 - app - INFO - GET /department/list request executed...
2023-12-13 16:53:37 - app - INFO - The GET /department/list request has been successfully responded.
2023-12-13 16:54:03 - app - INFO - POST /user/register request executed...
2023-12-13 16:54:03 - app - INFO - <function nowDateTime at 0x7f199f56d8b0>
2023-12-13 16:54:03 - app - ERROR - POST-ERROR in /user/register : 请确保工号已输入!
2023-12-13 16:54:26 - app - INFO - GET /department/list request executed...
2023-12-13 16:54:26 - app - INFO - The GET /department/list request has been successfully responded.
2023-12-13 16:54:39 - app - INFO - POST /user/register request executed...
2023-12-13 16:54:39 - app - INFO - <function nowDateTime at 0x7f199f56d8b0>
2023-12-13 16:54:39 - app - ERROR - POST-ERROR in /user/register : 请确保工号已输入!
2023-12-13 16:55:04 - app - INFO - GET /department/list request executed...
2023-12-13 16:55:04 - app - INFO - The GET /department/list request has been successfully responded.
2023-12-13 16:55:36 - app - INFO - GET /department/list request executed...
2023-12-13 16:55:36 - app - INFO - The GET /department/list request has been successfully responded.
2023-12-13 16:55:45 - app - INFO - POST /user/register request executed...
2023-12-13 16:55:45 - app - INFO - <function nowDateTime at 0x7f199f56d8b0>
2023-12-13 16:56:15 - app - INFO - POST /user/register request executed...
2023-12-13 16:56:15 - app - INFO - <function nowDateTime at 0x7f199f56d8b0>
2023-12-13 16:56:46 - app - INFO - GET /department/list request executed...
2023-12-13 16:56:46 - app - INFO - The GET /department/list request has been successfully responded.
2023-12-13 16:57:07 - app - INFO - GET /department/list request executed...
2023-12-13 16:57:07 - app - INFO - The GET /department/list request has been successfully responded.
2023-12-13 16:57:17 - app - INFO - POST /user/register request executed...
2023-12-13 16:57:17 - app - INFO - <function nowDateTime at 0x7febc76318b0>
2023-12-13 17:00:03 - app - INFO - GET /department/list request executed...
2023-12-13 17:00:03 - app - INFO - The GET /department/list request has been successfully responded.
2023-12-13 17:00:11 - app - INFO - POST /user/register request executed...
2023-12-13 17:00:11 - app - INFO - <function nowDateTime at 0x7febc76318b0>
2023-12-13 17:00:11 - app - INFO - The POST /user/register request has been successfully responded.
2023-12-14 09:06:47 - app - INFO - GET /department/list request executed...
2023-12-14 09:06:47 - app - INFO - The GET /department/list request has been successfully responded.
2023-12-14 20:03:39 - app - INFO - GET /department/list request executed...
2023-12-14 20:03:40 - app - INFO - The GET /department/list request has been successfully responded.
2023-12-14 20:05:05 - app - INFO - GET /department/list request executed...
2023-12-14 20:05:05 - app - INFO - The GET /department/list request has been successfully responded.
2023-12-18 12:53:15 - app - INFO - POST /user/login request executed...
2023-12-18 12:53:16 - app - INFO - The POST /user/login request has been successfully responded.
2023-12-18 12:57:22 - app - INFO - POST /attendance/commit request executed...
2023-12-18 12:57:22 - app - ERROR - POST ERROR in /attendance/commit : 请登录后重试!
2023-12-18 12:57:23 - app - INFO - POST /attendance/commit request executed...
2023-12-18 12:57:23 - app - ERROR - POST ERROR in /attendance/commit : 请登录后重试!
2023-12-18 12:57:27 - app - INFO - POST /attendance/commit request executed...
2023-12-18 12:57:27 - app - ERROR - POST ERROR in /attendance/commit : 请登录后重试!
2023-12-18 13:13:46 - app - INFO - POST /attendance/commit request executed...
2023-12-18 13:16:01 - app - INFO - POST /attendance/commit request executed...
2023-12-18 13:17:58 - app - INFO - POST /attendance/commit request executed...
2023-12-18 13:18:41 - app - INFO - POST /attendance/commit request executed...
2023-12-18 13:18:54 - app - INFO - POST /attendance/commit request executed...
2023-12-18 13:19:14 - app - INFO - POST /attendance/commit request executed...
2023-12-18 13:19:24 - app - INFO - POST /attendance/commit request executed...
2023-12-18 13:22:38 - app - INFO - POST /attendance/commit request executed...
2023-12-18 13:22:38 - app - INFO - The POST /attendance/commit request has been successfully responded.
2023-12-18 13:30:53 - app - INFO - POST /attendance/commit request executed...
2023-12-18 13:31:45 - app - INFO - POST /attendance/commit request executed...
2023-12-18 13:34:03 - app - INFO - POST /attendance/commit request executed...
2023-12-18 13:34:03 - app - INFO - The POST /attendance/commit request has been successfully responded.
2023-12-18 13:35:29 - app - INFO - POST /attendance/commit request executed...
2023-12-18 13:35:29 - app - INFO - The POST /attendance/commit request has been successfully responded.
2023-12-18 13:36:32 - app - INFO - POST /attendance/commit request executed...
2023-12-18 13:36:32 - app - INFO - The POST /attendance/commit request has been successfully responded.
2023-12-18 13:41:16 - app - INFO - GET /attendance/holidays request executed...
2023-12-18 13:41:16 - app - INFO - The GET /attendance/holidays request has been successfully responded.
2023-12-18 13:41:44 - app - INFO - GET /attendance/holidays request executed...
2023-12-18 13:41:44 - app - INFO - The GET /attendance/holidays request has been successfully responded.
2023-12-18 13:42:13 - app - INFO - GET /attendance/holidays request executed...
2023-12-18 13:42:13 - app - INFO - The GET /attendance/holidays request has been successfully responded.
2023-12-18 13:42:16 - app - INFO - GET /attendance/holidays request executed...
2023-12-18 13:42:16 - app - INFO - The GET /attendance/holidays request has been successfully responded.
2023-12-18 13:42:51 - app - INFO - GET /attendance/holidays request executed...
2023-12-18 13:42:51 - app - INFO - The GET /attendance/holidays request has been successfully responded.
2023-12-18 13:42:59 - app - INFO - GET /attendance/holidays request executed...
2023-12-18 13:42:59 - app - INFO - The GET /attendance/holidays request has been successfully responded.
2023-12-18 13:43:13 - app - INFO - GET /attendance/holidays request executed...
2023-12-18 13:43:13 - app - INFO - The GET /attendance/holidays request has been successfully responded.
2023-12-18 13:43:19 - app - INFO - GET /attendance/holidays request executed...
2023-12-18 13:43:19 - app - INFO - The GET /attendance/holidays request has been successfully responded.
2023-12-18 13:43:52 - app - INFO - GET /attendance/holidays request executed...
2023-12-18 13:43:52 - app - INFO - The GET /attendance/holidays request has been successfully responded.
2023-12-18 13:44:31 - app - INFO - GET /attendance/holidays request executed...
2023-12-18 13:44:31 - app - INFO - The GET /attendance/holidays request has been successfully responded.
2023-12-18 13:44:58 - app - INFO - GET /attendance/holidays request executed...
2023-12-18 13:44:58 - app - INFO - The GET /attendance/holidays request has been successfully responded.
2023-12-18 13:45:21 - app - INFO - GET /attendance/holidays request executed...
2023-12-18 13:45:21 - app - INFO - The GET /attendance/holidays request has been successfully responded.
2023-12-18 13:45:58 - app - INFO - GET /attendance/holidays request executed...
2023-12-18 13:45:58 - app - INFO - The GET /attendance/holidays request has been successfully responded.
2023-12-18 13:46:04 - app - INFO - GET /attendance/holidays request executed...
2023-12-18 13:46:04 - app - INFO - The GET /attendance/holidays request has been successfully responded.
2023-12-18 13:48:09 - app - INFO - GET /attendance/holidays request executed...
2023-12-18 13:48:09 - app - INFO - The GET /attendance/holidays request has been successfully responded.
2023-12-18 13:50:05 - app - INFO - GET /attendance/holidays request executed...
2023-12-18 13:50:05 - app - INFO - The GET /attendance/holidays request has been successfully responded.
2023-12-18 13:50:13 - app - INFO - GET /attendance/holidays request executed...
2023-12-18 13:50:13 - app - INFO - The GET /attendance/holidays request has been successfully responded.
2023-12-18 13:50:37 - app - INFO - GET /attendance/holidays request executed...
2023-12-18 13:50:37 - app - INFO - The GET /attendance/holidays request has been successfully responded.
2023-12-18 13:50:52 - app - INFO - GET /attendance/holidays request executed...
2023-12-18 13:50:52 - app - INFO - The GET /attendance/holidays request has been successfully responded.
2023-12-18 13:51:17 - app - INFO - GET /attendance/holidays request executed...
2023-12-18 13:51:17 - app - INFO - The GET /attendance/holidays request has been successfully responded.
2023-12-18 13:53:06 - app - INFO - GET /attendance/holidays request executed...
2023-12-18 13:53:06 - app - INFO - The GET /attendance/holidays request has been successfully responded.
2023-12-18 13:53:12 - app - INFO - GET /attendance/holidays request executed...
2023-12-18 13:53:12 - app - INFO - The GET /attendance/holidays request has been successfully responded.
2023-12-18 13:54:05 - app - INFO - GET /attendance/holidays request executed...
2023-12-18 13:54:05 - app - INFO - The GET /attendance/holidays request has been successfully responded.
2023-12-18 13:54:09 - app - INFO - GET /attendance/holidays request executed...
2023-12-18 13:54:09 - app - INFO - The GET /attendance/holidays request has been successfully responded.
2023-12-18 13:54:16 - app - INFO - GET /attendance/holidays request executed...
2023-12-18 13:54:16 - app - INFO - The GET /attendance/holidays request has been successfully responded.
2023-12-18 13:54:34 - app - INFO - GET /attendance/holidays request executed...
2023-12-18 13:54:34 - app - INFO - The GET /attendance/holidays request has been successfully responded.
2023-12-18 13:54:56 - app - INFO - GET /attendance/holidays request executed...
2023-12-18 13:54:56 - app - INFO - The GET /attendance/holidays request has been successfully responded.
2023-12-18 13:55:16 - app - INFO - GET /attendance/holidays request executed...
2023-12-18 13:55:16 - app - INFO - The GET /attendance/holidays request has been successfully responded.
