2023-12-07 10:33:38 - app - ERROR - POST-ERROR in /user/register : 该工号已注册!
2023-12-07 11:08:44 - app - ERROR - GET-ERROR in /user/info : 请登录后重试!
2023-12-07 11:10:11 - app - ERROR - GET-ERROR in /user/info : 请登录后重试!
2023-12-07 11:10:18 - app - ERROR - GET-ERROR in /user/info : 请登录后重试!
2023-12-07 11:10:28 - app - ERROR - GET-ERROR in /user/info : 请登录后重试!
2023-12-07 11:13:25 - app - ERROR - GET-ERROR in /user/info : 请登录后重试!
2023-12-07 11:14:02 - app - ERROR - GET-ERROR in /user/info : 用户信息已过期,请重新登录!
2023-12-07 11:14:41 - app - ERROR - GET-ERROR in /user/info : 用户信息已过期,请重新登录!
2023-12-07 11:18:44 - app - ERROR - GET-ERROR in /user/info : 用户信息已过期,请重新登录!
2023-12-12 17:26:51 - app - ERROR - POST-ERROR in /user/register : 该工号已注册!
2023-12-12 17:26:56 - app - ERROR - POST-ERROR in /user/register : 该工号已注册!
2023-12-12 17:42:09 - app - ERROR - GET ERROR in /department/list : 请登录后重试!
2023-12-12 20:55:22 - app - ERROR - POST-ERROR in /user/login : 无此用户信息,请注册后重试!
2023-12-12 20:58:26 - app - ERROR - GET-ERROR in /user/info : 请登录后重试!
2023-12-12 20:58:42 - app - ERROR - GET-ERROR in /user/info : 请登录后重试!
2023-12-12 20:58:53 - app - ERROR - GET-ERROR in /user/info : 请登录后重试!
2023-12-12 21:01:30 - app - ERROR - GET-ERROR in /user/info : 请登录后重试!
2023-12-12 21:01:42 - app - ERROR - GET-ERROR in /user/info : 请登录后重试!
2023-12-12 21:03:19 - app - ERROR - GET-ERROR in /user/info : 请登录后重试!
2023-12-12 21:03:57 - app - ERROR - GET-ERROR in /user/info : 请登录后重试!
2023-12-12 21:04:13 - app - ERROR - GET-ERROR in /user/info : 请登录后重试!
2023-12-12 21:08:34 - app - ERROR - GET-ERROR in /user/info : 请登录后重试!
2023-12-12 21:09:32 - app - ERROR - GET-ERROR in /user/info : 请登录后重试!
2023-12-12 21:28:34 - app - ERROR - GET-ERROR in /user/info : 请登录后重试!
2023-12-12 21:46:12 - app - ERROR - GET-ERROR in /user/info : 请登录后重试!
2023-12-12 21:46:27 - app - ERROR - GET-ERROR in /user/info : 请登录后重试!
2023-12-12 21:46:37 - app - ERROR - GET-ERROR in /user/info : 请登录后重试!
2023-12-12 21:47:17 - app - ERROR - GET-ERROR in /user/info : 请登录后重试!
2023-12-12 21:57:40 - app - ERROR - GET-ERROR in /user/info : 请登录后重试!
2023-12-13 16:50:03 - app - ERROR - POST-ERROR in /user/register : 请确保工号已输入!
2023-12-13 16:50:17 - app - ERROR - POST-ERROR in /user/register : 请确保工号已输入!
2023-12-13 16:50:31 - app - ERROR - POST-ERROR in /user/register : 请确保工号已输入!
2023-12-13 16:51:16 - app - ERROR - POST-ERROR in /user/register : 请确保工号已输入!
2023-12-13 16:51:45 - app - ERROR - POST-ERROR in /user/register : 请确保工号已输入!
2023-12-13 16:54:03 - app - ERROR - POST-ERROR in /user/register : 请确保工号已输入!
2023-12-13 16:54:39 - app - ERROR - POST-ERROR in /user/register : 请确保工号已输入!
2023-12-18 12:57:22 - app - ERROR - POST ERROR in /attendance/commit : 请登录后重试!
2023-12-18 12:57:23 - app - ERROR - POST ERROR in /attendance/commit : 请登录后重试!
2023-12-18 12:57:27 - app - ERROR - POST ERROR in /attendance/commit : 请登录后重试!
